[debug] [2020-05-28T03:00:13.609Z] ----------------------------------------------------------------------
[debug] [2020-05-28T03:00:13.611Z] Command:       C:\Program Files\nodejs\node.exe C:\Users\Jaime Gonzalez\AppData\Roaming\npm\node_modules\firebase-tools\lib\bin\firebase.js init
[debug] [2020-05-28T03:00:13.611Z] CLI Version:   8.4.0
[debug] [2020-05-28T03:00:13.611Z] Platform:      win32
[debug] [2020-05-28T03:00:13.611Z] Node Version:  v12.14.0
[debug] [2020-05-28T03:00:13.613Z] Time:          Thu May 28 2020 00:00:13 GMT-0300 (GMT-03:00)
[debug] [2020-05-28T03:00:13.613Z] ----------------------------------------------------------------------
[debug] [2020-05-28T03:00:13.613Z] 
[debug] [2020-05-28T03:00:13.619Z] > command requires scopes: ["email","openid","https://www.googleapis.com/auth/cloudplatformprojects.readonly","https://www.googleapis.com/auth/firebase","https://www.googleapis.com/auth/cloud-platform"]
[debug] [2020-05-28T03:00:13.620Z] > authorizing via signed-in user
[info] 
     ######## #### ########  ######## ########     ###     ######  ########
     ##        ##  ##     ## ##       ##     ##  ##   ##  ##       ##
     ######    ##  ########  ######   ########  #########  ######  ######
     ##        ##  ##    ##  ##       ##     ## ##     ##       ## ##
     ##       #### ##     ## ######## ########  ##     ##  ######  ########

You're about to initialize a Firebase project in this directory:

  F:\WEB\Angular Curso Udemy\10- angular-firechat

Before we get started, keep in mind:

  * You are initializing in an existing Firebase project directory

[info] 
=== Project Setup
[info] 
[info] First, let's associate this project directory with a Firebase project.
[info] You can create multiple project aliases by running firebase use --add, 
[info] but for now we'll just set up a default project.
[info] 
[info] i  .firebaserc already has a default project, using firechat-ecea6. 
[debug] [2020-05-28T03:00:20.421Z] >>> HTTP REQUEST GET https://firebase.googleapis.com/v1beta1/projects/firechat-ecea6  
 
[debug] [2020-05-28T03:00:31.603Z] Server Error. socket hang up
[debug] [2020-05-28T03:00:36.776Z] FirebaseError: Server Error. socket hang up
    at Request._callback (C:\Users\Jaime Gonzalez\AppData\Roaming\npm\node_modules\firebase-tools\lib\api.js:32:31)
    at self.callback (C:\Users\Jaime Gonzalez\AppData\Roaming\npm\node_modules\firebase-tools\node_modules\request\request.js:185:22)
    at Request.emit (events.js:210:5)
    at Request.EventEmitter.emit (domain.js:475:20)
    at Request.onRequestError (C:\Users\Jaime Gonzalez\AppData\Roaming\npm\node_modules\firebase-tools\node_modules\request\request.js:877:8)
    at ClientRequest.emit (events.js:215:7)
    at ClientRequest.EventEmitter.emit (domain.js:475:20)
    at TLSSocket.socketOnEnd (_http_client.js:440:9)
    at TLSSocket.emit (events.js:215:7)
    at TLSSocket.EventEmitter.emit (domain.js:475:20)
    at endReadableNT (_stream_readable.js:1184:12)
    at processTicksAndRejections (internal/process/task_queues.js:80:21)
[error] 
[error] Error: Failed to get Firebase project firechat-ecea6. Please make sure the project exists and your account has permission to access it.
